<?xml version="1.0" encoding="UTF-8"?>
<testsuites>
  <testsuite name="/workspace/project/thinbus-php-srp-demo/phpunit.xml" tests="10" assertions="55" errors="0" failures="0" skipped="0" time="0.007814">
    <testsuite name="Thinbus SRP Test Suite" tests="10" assertions="55" errors="0" failures="0" skipped="0" time="0.007814">
      <testsuite name="Tests\ThinbusSrpTest" file="/workspace/project/thinbus-php-srp-demo/tests/ThinbusSrpTest.php" tests="10" assertions="55" errors="0" failures="0" skipped="0" time="0.007814">
        <testcase name="testSrpInstantiation" file="/workspace/project/thinbus-php-srp-demo/tests/ThinbusSrpTest.php" line="40" class="Tests\ThinbusSrpTest" classname="Tests.ThinbusSrpTest" assertions="2" time="0.004424"/>
        <testcase name="testBasicMathOperations" file="/workspace/project/thinbus-php-srp-demo/tests/ThinbusSrpTest.php" line="46" class="Tests\ThinbusSrpTest" classname="Tests.ThinbusSrpTest" assertions="4" time="0.000443"/>
        <testcase name="testVerifierGeneration" file="/workspace/project/thinbus-php-srp-demo/tests/ThinbusSrpTest.php" line="61" class="Tests\ThinbusSrpTest" classname="Tests.ThinbusSrpTest" assertions="3" time="0.000788"/>
        <testcase name="testVerifierRejectsBlanks" file="/workspace/project/thinbus-php-srp-demo/tests/ThinbusSrpTest.php" line="74" class="Tests\ThinbusSrpTest" classname="Tests.ThinbusSrpTest" assertions="1" time="0.000270"/>
        <testcase name="testVerifierRejectsBlankIdentity" file="/workspace/project/thinbus-php-srp-demo/tests/ThinbusSrpTest.php" line="80" class="Tests\ThinbusSrpTest" classname="Tests.ThinbusSrpTest" assertions="1" time="0.000104"/>
        <testcase name="testVerifierRejectsBlankPassword" file="/workspace/project/thinbus-php-srp-demo/tests/ThinbusSrpTest.php" line="86" class="Tests\ThinbusSrpTest" classname="Tests.ThinbusSrpTest" assertions="1" time="0.000097"/>
        <testcase name="testRandomNumberGeneration" file="/workspace/project/thinbus-php-srp-demo/tests/ThinbusSrpTest.php" line="92" class="Tests\ThinbusSrpTest" classname="Tests.ThinbusSrpTest" assertions="30" time="0.000344"/>
        <testcase name="testPHPVersionCompatibility" file="/workspace/project/thinbus-php-srp-demo/tests/ThinbusSrpTest.php" line="105" class="Tests\ThinbusSrpTest" classname="Tests.ThinbusSrpTest" assertions="5" time="0.000437"/>
        <testcase name="testSrpClientStep1" file="/workspace/project/thinbus-php-srp-demo/tests/ThinbusSrpTest.php" line="116" class="Tests\ThinbusSrpTest" classname="Tests.ThinbusSrpTest" assertions="3" time="0.000463"/>
        <testcase name="testCrossVersionCompatibility" file="/workspace/project/thinbus-php-srp-demo/tests/ThinbusSrpTest.php" line="131" class="Tests\ThinbusSrpTest" classname="Tests.ThinbusSrpTest" assertions="5" time="0.000444">
          <system-out>
✅ Successfully tested on PHP 8.2.29
</system-out>
        </testcase>
      </testsuite>
    </testsuite>
  </testsuite>
</testsuites>
